2015-Aug-05 22:20:59 Наличие необходимых модулей php (check_php_modules): Ok
Все необходимые модули установлены
2015-Aug-05 22:20:59 Обязательные параметры PHP (check_php_settings): Ok
Настройки правильные
2015-Aug-05 22:20:59 Модули веб-сервера (check_security): Ok
Конфликтов не выявлено
2015-Aug-05 22:21:00 Значения переменных сервера (check_server_vars): Ok
Корректные
2015-Aug-05 22:21:00 Сохранение сессии (check_session): Ok
50% done
2015-Aug-05 22:21:00 Сохранение сессии (check_session): Ok
Успешно
2015-Aug-05 22:21:00 Параметры настройки UTF (mbstring и константа BX_UTF) (check_mbstring): Ok
Правильные. Сайт работает в UTF кодировке
2015-Aug-05 22:21:00 Работа с сокетами (check_socket): Fail
Connection to itprom.ru:80	Fail
Socket error [0]: php_network_getaddresses: getaddrinfo failed: Name or service not known

Ошибка! Не работает
2015-Aug-05 22:21:00 Параметры подключения к базе данных (check_dbconn_settings): Ok
Успешно
2015-Aug-05 22:21:00 Лишний вывод в файлах конфигурации (check_dbconn): Warning
Замечание. Не удалось проверить из-за ошибки в работе с сокетами
2015-Aug-05 22:21:00 Выполнение агентов на cron (check_bx_crontab): Warning
Замечание. Агенты выполняются на хитах, рекомендуется перевести выполнение агентов на cron
2015-Aug-05 22:21:00 Сохранение сессии без UserAgent (check_session_ua): Warning
Замечание. Не удалось проверить из-за ошибки в работе с сокетами
2015-Aug-05 22:21:00 Настройки сайтов (check_sites): Ok
Правильные
2015-Aug-05 22:21:00 Служебные скрипты в корне сайта (check_install_scripts): Ok
Отсутствуют
2015-Aug-05 22:21:00 Передача объектов по ссылке (check_clone): Ok
Успешно
2015-Aug-05 22:21:00 Размер стека и pcre.recursion_limit (check_pcre_recursion): Warning
Замечание. Не удалось проверить из-за ошибки в работе с сокетами
2015-Aug-05 22:21:00 Вызов method_exists на строке (check_method_exists): Warning
Замечание. Не удалось проверить из-за ошибки в работе с сокетами
2015-Aug-05 22:21:00 Загрузка файла (check_upload): Warning
Замечание. Не удалось проверить из-за ошибки в работе с сокетами
2015-Aug-05 22:21:00 Загрузка файла больше 4Мб (check_upload_big): Warning
Замечание. Не удалось проверить из-за ошибки в работе с сокетами
2015-Aug-05 22:21:00 Загрузка файла через php://input (check_upload_raw): Warning
Замечание. Не удалось проверить из-за ошибки в работе с сокетами
2015-Aug-05 22:21:00 Передача POST запроса с большим числом параметров (check_post): Warning
Замечание. Не удалось проверить из-за ошибки в работе с сокетами
2015-Aug-05 22:21:01 Отправка почты (check_mail): Ok
Успешно
2015-Aug-05 22:21:01 Отправка почтового сообщения больше 64Кб (check_mail_big): Ok
Успешно
2015-Aug-05 22:21:01 Проверка на наличие неотправленных сообщений (check_mail_b_event): Ok
Успешно
2015-Aug-05 22:21:01 Внутреннее перенаправление (функция LocalRedirect) (check_localredirect): Warning
Замечание. Не удалось проверить из-за ошибки в работе с сокетами
2015-Aug-05 22:21:01 Фактическое ограничение памяти (check_memory_limit): Warning
Замечание. Не удалось проверить из-за ошибки в работе с сокетами
2015-Aug-05 22:21:01 Работа с файлами кеша (check_cache): Ok
Успешно
2015-Aug-05 22:21:01 Доступ к серверу обновлений (check_update): Ok
Успешно
2015-Aug-05 22:21:01 HTTP авторизация (check_http_auth): Warning
Замечание. Не удалось проверить из-за ошибки в работе с сокетами
2015-Aug-05 22:21:01 Создание и запуск файла (check_exec): Warning
Замечание. Не удалось проверить из-за ошибки в работе с сокетами
2015-Aug-05 22:21:01 Функция getimagesize для swf (check_getimagesize): Ok
Успешно
2015-Aug-05 22:21:01 Версия MySQL-сервера (check_mysql_bug_version): Ok
Успешно
2015-Aug-05 22:21:02 Время на БД и веб-сервере (check_mysql_time): Ok
Успешно
2015-Aug-05 22:21:02 Режим работы MySQL (check_mysql_mode): Ok
Успешно
2015-Aug-05 22:21:02 Кодировка соединения (check_mysql_connection_charset): Ok
character_set_connection=utf8, collation_connection=utf8_unicode_ci, character_set_results=utf8
Успешно
2015-Aug-05 22:21:02 Кодировка базы данных (check_mysql_db_charset): Ok
CHARSET=utf8, COLLATION=utf8_unicode_ci
Успешно
2015-Aug-05 22:21:03 Кодировки таблиц в БД (check_mysql_table_charset): Ok
Успешно
2015-Aug-05 22:21:06 Структура базы данных (check_mysql_table_structure): Ok
0% done
2015-Aug-05 22:21:07 Структура базы данных (check_mysql_table_structure): Ok
3% done
2015-Aug-05 22:21:07 Структура базы данных (check_mysql_table_structure): Ok
6% done
2015-Aug-05 22:21:09 Структура базы данных (check_mysql_table_structure): Ok
9% done
2015-Aug-05 22:21:11 Структура базы данных (check_mysql_table_structure): Ok
12% done
2015-Aug-05 22:21:13 Структура базы данных (check_mysql_table_structure): Ok
16% done
2015-Aug-05 22:21:14 Структура базы данных (check_mysql_table_structure): Ok
19% done
2015-Aug-05 22:21:15 Структура базы данных (check_mysql_table_structure): Ok
22% done
2015-Aug-05 22:21:16 Структура базы данных (check_mysql_table_structure): Ok
25% done
2015-Aug-05 22:21:16 Структура базы данных (check_mysql_table_structure): Ok
29% done
2015-Aug-05 22:21:21 Структура базы данных (check_mysql_table_structure): Ok
32% done
2015-Aug-05 22:21:21 Структура базы данных (check_mysql_table_structure): Ok
35% done
2015-Aug-05 22:21:21 Структура базы данных (check_mysql_table_structure): Ok
38% done
2015-Aug-05 22:21:21 Структура базы данных (check_mysql_table_structure): Ok
41% done
2015-Aug-05 22:21:22 Структура базы данных (check_mysql_table_structure): Ok
45% done
2015-Aug-05 22:21:22 Структура базы данных (check_mysql_table_structure): Ok
48% done
2015-Aug-05 22:21:22 Структура базы данных (check_mysql_table_structure): Ok
51% done
2015-Aug-05 22:21:22 Структура базы данных (check_mysql_table_structure): Ok
54% done
2015-Aug-05 22:21:30 Структура базы данных (check_mysql_table_structure): Ok
58% done
2015-Aug-05 22:21:30 Структура базы данных (check_mysql_table_structure): Ok
61% done
2015-Aug-05 22:21:32 Структура базы данных (check_mysql_table_structure): Ok
64% done
2015-Aug-05 22:21:32 Структура базы данных (check_mysql_table_structure): Ok
67% done
2015-Aug-05 22:21:32 Структура базы данных (check_mysql_table_structure): Ok
70% done
2015-Aug-05 22:21:33 Структура базы данных (check_mysql_table_structure): Ok
74% done
2015-Aug-05 22:21:33 Структура базы данных (check_mysql_table_structure): Ok
77% done
2015-Aug-05 22:21:35 Структура базы данных (check_mysql_table_structure): Ok
80% done
2015-Aug-05 22:21:35 Структура базы данных (check_mysql_table_structure): Ok
83% done
2015-Aug-05 22:21:35 Структура базы данных (check_mysql_table_structure): Ok
87% done
2015-Aug-05 22:21:43 Структура базы данных (check_mysql_table_structure): Ok
90% done
2015-Aug-05 22:21:43 Структура базы данных (check_mysql_table_structure): Ok
93% done
2015-Aug-05 22:21:44 Структура базы данных (check_mysql_table_structure): Ok
96% done
2015-Aug-05 22:21:44 Структура базы данных (check_mysql_table_structure): Ok
Успешно
